<html xmlns:math="http://exslt.org/math" xmlns:testng="http://testng.org">
   <head>
      <title>TestNG Results</title>
      <meta http-equiv="content-type" content="text/html; charset=utf-8"></meta>
      <meta http-equiv="pragma" content="no-cache"></meta>
      <meta http-equiv="cache-control" content="max-age=0"></meta>
      <meta http-equiv="cache-control" content="no-cache"></meta>
      <meta http-equiv="cache-control" content="no-store"></meta>
      <LINK rel="stylesheet" href="style.css"></LINK>
      <script type="text/javascript" src="main.js"></script>
   </head>
   <body>
      <table width="100%" style="font-size: 16px; margin-bottom: 10px;" cellspacing="1">
         <tr>
            <td width="100%">
               All methods in suite
               
               <b>Expedia</b>
            </td>
            <td style="background-color: #FFBBBB; padding: 3px 3px 3px 0;" align="center">
               <div style="width: 50px;">0</div>
            </td>
            <td style="background-color: lightgreen; padding: 3px 3px 3px 0;" align="center">
               <div style="width: 50px;">0</div>
            </td>
            <td style="background-color: #FFFFBB; padding: 3px 3px 3px 0;" align="center">
               <div style="width: 50px;">1</div>
            </td>
            <td align="center" style="background-color: #eaf0f7; padding: 3px 3px 3px 0;">
               <div style="width: 50px;">1</div>
            </td>
            <td align="center"
                style="font-weight: bold; background-color: #eaf0f7; padding: 3px 3px 3px 0;">
               <div style="width: 50px;">0%</div>
            </td>
            <td style="background-color: #eaf0f7; padding: 3px 3px 3px 0;" align="center"
                nowrap="true">5s
               
            </td>
         </tr>
      </table>
      <div style="width: 200px;">
         <label for="groupMethodsCheckBox" style="font-weight: bold; margin: 0;">
            <input id="groupMethodsCheckBox" type="checkbox" onclick="switchTestMethodsView(this)"></input>
            Group by class
            
         </label>
         <br></br>
         <label for="methodsFilter_ALL" style="font-weight: bold; margin: 0;">
            <input id="methodsFilter_ALL" type="checkbox"
                   onclick="testMethodsFilterChanged(this, 'ALL')"></input>
            All
            
         </label>
      </div>
      <label for="methodsFilter_FAIL" style="margin-left: 20px;">
         <input id="methodsFilter_FAIL" type="checkbox"
                onclick="testMethodsFilterChanged(this, 'FAIL')"
                checked=""></input>
         Failed
         
      </label>
      <label for="methodsFilter_PASS">
         <input id="methodsFilter_PASS" type="checkbox"
                onclick="testMethodsFilterChanged(this, 'PASS')"
                checked=""></input>
         Passed
         
      </label>
      <label for="methodsFilter_SKIP">
         <input id="methodsFilter_SKIP" type="checkbox"
                onclick="testMethodsFilterChanged(this, 'SKIP')"
                checked=""></input>
         Skipped
         
      </label>
      <label for="methodsFilter_CONF">
         <input id="methodsFilter_CONF" type="checkbox"
                onclick="testMethodsFilterChanged(this, 'CONF')"></input>
         Config
         
      </label>
      <br></br>
      <div id="testMethodsByStatus">
         <table class="testMethodsTable" cellpadding="0" cellspacing="0">
            <tr class="methodsTableHeader">
               <td width="100%">Name</td>
               <td nowrap="true">Started</td>
               <td nowrap="true">Duration</td>
               <td>Exception</td>
            </tr>
            <tr id="testcase.Tc01_browserInitialize_byStatus_failed_FAIL1_row"
                class="testMethodStatusFAIL testMethodStatusCONF">
               <td width="100%" class="firstMethodCell">
                  <a onclick="toggleDetailsVisibility('testcase.Tc01_browserInitialize_byStatus_failed_FAIL1_details')">browserInitialize(https://www.expedia.com
                     
                     ,
                     
                     Chrome)
                  </a>
               </td>
               <td nowrap="true">07:58:11</td>
               <td nowrap="true" align="right">0 ms
                  
               </td>
               <td nowrap="true">
                  <a onclick="toggleDetailsVisibility('testcase.Tc01_browserInitialize_byStatus_failed_FAIL1_exception')">org.openqa.selenium.SessionNotCreatedException: 
                     session not created: Chrome version must be between 70 and 73
                     (Driver info: chromedriver=73.0.3683.68 (47787ec04b6e38e22703e856e101e840b65afe72),platform=Windows NT 10.0.17134 x86_64)
                     (WARNING: The server did not provide any stacktrace information)
                     Command duration or timeout: 1.64 seconds
                     Build info: version: '3.11.0', revision: 'e59cfb3', time: '2018-03-11T20:33:08.638Z'
                     System info: host: 'LAPTOP-6R11FLAG', ip: '192.168.1.14', os.name: 'Windows 10', os.arch: 'amd64', os.version: '10.0', java.version:
                     '1.8.0_144'
                     Driver info: driver.version: ChromeDriver
                     
                  </a>
                   
                  
               </td>
            </tr>
            <tr>
               <td colspan="4" class="detailsBox">
                  <div id="testcase.Tc01_browserInitialize_byStatus_failed_FAIL1_details"
                       class="testMethodDetails">
                     <div>
                        <b>Name: </b>browserInitialize
                     </div>
                     <div>
                        <b>Signature: </b>browserInitialize(java.lang.String, java.lang.String)[pri:0, instance:testcase.Tc01@1cd072a9]
                     </div>
                     <div>
                        <b>Parameters: </b>
                        
                        https://www.expedia.com
                        
                        ,
                        
                        Chrome
                        
                        
                     </div>
                     <div>
                        <b>Start time: </b>07:58:11
                     </div>
                     <div>
                        <b>End time: </b>07:58:11
                     </div>
                     <div>
                        <b>Duration: </b>0 ms
                        
                     </div>
                  </div>
               </td>
            </tr>
            <tr>
               <td colspan="4" class="detailsBox">
                  <div id="testcase.Tc01_browserInitialize_byStatus_failed_FAIL1_exception"
                       class="testMethodDetails">
                     <pre style="padding: 5px; margin: 0;">org.openqa.selenium.SessionNotCreatedException: session not created: Chrome version must be between 70 and 73
                        (Driver info: chromedriver=73.0.3683.68 (47787ec04b6e38e22703e856e101e840b65afe72),platform=Windows NT 10.0.17134 x86_64)
                        (WARNING: The server did not provide any stacktrace information)
                        Command duration or timeout: 1.64 seconds
                        Build info: version: '3.11.0', revision: 'e59cfb3', time: '2018-03-11T20:33:08.638Z'
                        System info: host: 'LAPTOP-6R11FLAG', ip: '192.168.1.14', os.name: 'Windows 10', os.arch: 'amd64', os.version: '10.0', java.version:
                        '1.8.0_144'
                        Driver info: driver.version: ChromeDriver
                        	at sun.reflect.NativeConstructorAccessorImpl.newInstance0(Native Method)
                        	at sun.reflect.NativeConstructorAccessorImpl.newInstance(Unknown Source)
                        	at sun.reflect.DelegatingConstructorAccessorImpl.newInstance(Unknown Source)
                        	at java.lang.reflect.Constructor.newInstance(Unknown Source)
                        	at org.openqa.selenium.remote.ErrorHandler.createThrowable(ErrorHandler.java:214)
                        	at org.openqa.selenium.remote.ErrorHandler.throwIfResponseFailed(ErrorHandler.java:166)
                        	at org.openqa.selenium.remote.JsonWireProtocolResponse.lambda$new$0(JsonWireProtocolResponse.java:53)
                        	at org.openqa.selenium.remote.JsonWireProtocolResponse.lambda$getResponseFunction$2(JsonWireProtocolResponse.java:91)
                        	at org.openqa.selenium.remote.ProtocolHandshake.lambda$createSession$0(ProtocolHandshake.java:123)
                        	at java.util.stream.ReferencePipeline$3$1.accept(Unknown Source)
                        	at java.util.Spliterators$ArraySpliterator.tryAdvance(Unknown Source)
                        	at java.util.stream.ReferencePipeline.forEachWithCancel(Unknown Source)
                        	at java.util.stream.AbstractPipeline.copyIntoWithCancel(Unknown Source)
                        	at java.util.stream.AbstractPipeline.copyInto(Unknown Source)
                        	at java.util.stream.AbstractPipeline.wrapAndCopyInto(Unknown Source)
                        	at java.util.stream.FindOps$FindOp.evaluateSequential(Unknown Source)
                        	at java.util.stream.AbstractPipeline.evaluate(Unknown Source)
                        	at java.util.stream.ReferencePipeline.findFirst(Unknown Source)
                        	at org.openqa.selenium.remote.ProtocolHandshake.createSession(ProtocolHandshake.java:126)
                        	at org.openqa.selenium.remote.ProtocolHandshake.createSession(ProtocolHandshake.java:73)
                        	at org.openqa.selenium.remote.HttpCommandExecutor.execute(HttpCommandExecutor.java:136)
                        	at org.openqa.selenium.remote.service.DriverCommandExecutor.execute(DriverCommandExecutor.java:83)
                        	at org.openqa.selenium.remote.RemoteWebDriver.execute(RemoteWebDriver.java:545)
                        	at org.openqa.selenium.remote.RemoteWebDriver.startSession(RemoteWebDriver.java:209)
                        	at org.openqa.selenium.remote.RemoteWebDriver.&lt;init&gt;(RemoteWebDriver.java:132)
                        	at org.openqa.selenium.chrome.ChromeDriver.&lt;init&gt;(ChromeDriver.java:181)
                        	at org.openqa.selenium.chrome.ChromeDriver.&lt;init&gt;(ChromeDriver.java:168)
                        	at org.openqa.selenium.chrome.ChromeDriver.&lt;init&gt;(ChromeDriver.java:123)
                        	at base.Configuration.browserInitialize(Configuration.java:23)
                        	at sun.reflect.NativeMethodAccessorImpl.invoke0(Native Method)
                        	at sun.reflect.NativeMethodAccessorImpl.invoke(Unknown Source)
                        	at sun.reflect.DelegatingMethodAccessorImpl.invoke(Unknown Source)
                        	at java.lang.reflect.Method.invoke(Unknown Source)
                        	at org.testng.internal.MethodInvocationHelper.invokeMethod(MethodInvocationHelper.java:86)
                        	at org.testng.internal.Invoker.invokeConfigurationMethod(Invoker.java:514)
                        	at org.testng.internal.Invoker.invokeConfigurations(Invoker.java:215)
                        	at org.testng.internal.Invoker.invokeMethod(Invoker.java:589)
                        	at org.testng.internal.Invoker.invokeTestMethod(Invoker.java:820)
                        	at org.testng.internal.Invoker.invokeTestMethods(Invoker.java:1128)
                        	at org.testng.internal.TestMethodWorker.invokeTestMethods(TestMethodWorker.java:129)
                        	at org.testng.internal.TestMethodWorker.run(TestMethodWorker.java:112)
                        	at org.testng.TestRunner.privateRun(TestRunner.java:782)
                        	at org.testng.TestRunner.run(TestRunner.java:632)
                        	at org.testng.SuiteRunner.runTest(SuiteRunner.java:366)
                        	at org.testng.SuiteRunner.access$000(SuiteRunner.java:39)
                        	at org.testng.SuiteRunner$SuiteWorker.run(SuiteRunner.java:400)
                        	at org.testng.internal.thread.ThreadUtil$2.call(ThreadUtil.java:64)
                        	at java.util.concurrent.FutureTask.run(Unknown Source)
                        	at java.util.concurrent.ThreadPoolExecutor.runWorker(Unknown Source)
                        	at java.util.concurrent.ThreadPoolExecutor$Worker.run(Unknown Source)
                        	at java.lang.Thread.run(Unknown Source)
                     </pre>
                  </div>
               </td>
            </tr>
            <tr id="testcase.Tc01_signup_byStatus_skiped_SKIP1_row"
                class="testMethodStatusSKIP">
               <td width="100%" class="firstMethodCell">
                  <a onclick="toggleDetailsVisibility('testcase.Tc01_signup_byStatus_skiped_SKIP1_details')">signup()</a>
               </td>
               <td nowrap="true">07:58:16</td>
               <td nowrap="true" align="right">0 ms
                  
               </td>
               <td nowrap="true">
                   
                  
               </td>
            </tr>
            <tr>
               <td colspan="4" class="detailsBox">
                  <div id="testcase.Tc01_signup_byStatus_skiped_SKIP1_details"
                       class="testMethodDetails">
                     <div>
                        <b>Name: </b>signup
                     </div>
                     <div>
                        <b>Signature: </b>signup()[pri:0, instance:testcase.Tc01@1cd072a9]
                     </div>
                     <div>
                        <b>Start time: </b>07:58:16
                     </div>
                     <div>
                        <b>End time: </b>07:58:16
                     </div>
                     <div>
                        <b>Duration: </b>0 ms
                        
                     </div>
                  </div>
               </td>
            </tr>
            <tr></tr>
            <tr id="testcase.Tc01_afterTest_byStatus_skiped_SKIP2_row"
                class="testMethodStatusSKIP testMethodStatusCONF">
               <td width="100%" class="firstMethodCell">
                  <a onclick="toggleDetailsVisibility('testcase.Tc01_afterTest_byStatus_skiped_SKIP2_details')">afterTest()</a>
               </td>
               <td nowrap="true">07:58:16</td>
               <td nowrap="true" align="right">0 ms
                  
               </td>
               <td nowrap="true">
                   
                  
               </td>
            </tr>
            <tr>
               <td colspan="4" class="detailsBox">
                  <div id="testcase.Tc01_afterTest_byStatus_skiped_SKIP2_details"
                       class="testMethodDetails">
                     <div>
                        <b>Name: </b>afterTest
                     </div>
                     <div>
                        <b>Signature: </b>afterTest()[pri:0, instance:testcase.Tc01@1cd072a9]
                     </div>
                     <div>
                        <b>Start time: </b>07:58:16
                     </div>
                     <div>
                        <b>End time: </b>07:58:16
                     </div>
                     <div>
                        <b>Duration: </b>0 ms
                        
                     </div>
                  </div>
               </td>
            </tr>
            <tr></tr>
         </table>
      </div>
      <div id="testMethodsByClass" style="display: none;">
         <table class="testMethodsTable" cellpadding="0" cellspacing="0">
            <tr>
               <td colspan="4">
                  <h3 style="display: inline;">testcase.Tc01</h3>
               </td>
            </tr>
            <tr class="methodsTableHeader">
               <td width="100%">Name</td>
               <td nowrap="true">Started</td>
               <td nowrap="true">Duration</td>
               <td>Exception</td>
            </tr>
            <tr id="testcase.Tc01_browserInitialize_byClass_FAIL1_row"
                class="testMethodStatusFAIL testMethodStatusCONF">
               <td width="100%" class="firstMethodCell">
                  <a onclick="toggleDetailsVisibility('testcase.Tc01_browserInitialize_byClass_FAIL1_details')">browserInitialize(https://www.expedia.com
                     
                     ,
                     
                     Chrome)
                  </a>
               </td>
               <td nowrap="true">07:58:11</td>
               <td nowrap="true" align="right">0 ms
                  
               </td>
               <td nowrap="true">
                  <a onclick="toggleDetailsVisibility('testcase.Tc01_browserInitialize_byClass_FAIL1_exception')">org.openqa.selenium.SessionNotCreatedException: 
                     session not created: Chrome version must be between 70 and 73
                     (Driver info: chromedriver=73.0.3683.68 (47787ec04b6e38e22703e856e101e840b65afe72),platform=Windows NT 10.0.17134 x86_64)
                     (WARNING: The server did not provide any stacktrace information)
                     Command duration or timeout: 1.64 seconds
                     Build info: version: '3.11.0', revision: 'e59cfb3', time: '2018-03-11T20:33:08.638Z'
                     System info: host: 'LAPTOP-6R11FLAG', ip: '192.168.1.14', os.name: 'Windows 10', os.arch: 'amd64', os.version: '10.0', java.version:
                     '1.8.0_144'
                     Driver info: driver.version: ChromeDriver
                     
                  </a>
                   
                  
               </td>
            </tr>
            <tr>
               <td colspan="4" class="detailsBox">
                  <div id="testcase.Tc01_browserInitialize_byClass_FAIL1_details"
                       class="testMethodDetails">
                     <div>
                        <b>Name: </b>browserInitialize
                     </div>
                     <div>
                        <b>Signature: </b>browserInitialize(java.lang.String, java.lang.String)[pri:0, instance:testcase.Tc01@1cd072a9]
                     </div>
                     <div>
                        <b>Parameters: </b>
                        
                        https://www.expedia.com
                        
                        ,
                        
                        Chrome
                        
                        
                     </div>
                     <div>
                        <b>Start time: </b>07:58:11
                     </div>
                     <div>
                        <b>End time: </b>07:58:11
                     </div>
                     <div>
                        <b>Duration: </b>0 ms
                        
                     </div>
                  </div>
               </td>
            </tr>
            <tr>
               <td colspan="4" class="detailsBox">
                  <div id="testcase.Tc01_browserInitialize_byClass_FAIL1_exception"
                       class="testMethodDetails">
                     <pre style="padding: 5px; margin: 0;">org.openqa.selenium.SessionNotCreatedException: session not created: Chrome version must be between 70 and 73
                        (Driver info: chromedriver=73.0.3683.68 (47787ec04b6e38e22703e856e101e840b65afe72),platform=Windows NT 10.0.17134 x86_64)
                        (WARNING: The server did not provide any stacktrace information)
                        Command duration or timeout: 1.64 seconds
                        Build info: version: '3.11.0', revision: 'e59cfb3', time: '2018-03-11T20:33:08.638Z'
                        System info: host: 'LAPTOP-6R11FLAG', ip: '192.168.1.14', os.name: 'Windows 10', os.arch: 'amd64', os.version: '10.0', java.version:
                        '1.8.0_144'
                        Driver info: driver.version: ChromeDriver
                        	at sun.reflect.NativeConstructorAccessorImpl.newInstance0(Native Method)
                        	at sun.reflect.NativeConstructorAccessorImpl.newInstance(Unknown Source)
                        	at sun.reflect.DelegatingConstructorAccessorImpl.newInstance(Unknown Source)
                        	at java.lang.reflect.Constructor.newInstance(Unknown Source)
                        	at org.openqa.selenium.remote.ErrorHandler.createThrowable(ErrorHandler.java:214)
                        	at org.openqa.selenium.remote.ErrorHandler.throwIfResponseFailed(ErrorHandler.java:166)
                        	at org.openqa.selenium.remote.JsonWireProtocolResponse.lambda$new$0(JsonWireProtocolResponse.java:53)
                        	at org.openqa.selenium.remote.JsonWireProtocolResponse.lambda$getResponseFunction$2(JsonWireProtocolResponse.java:91)
                        	at org.openqa.selenium.remote.ProtocolHandshake.lambda$createSession$0(ProtocolHandshake.java:123)
                        	at java.util.stream.ReferencePipeline$3$1.accept(Unknown Source)
                        	at java.util.Spliterators$ArraySpliterator.tryAdvance(Unknown Source)
                        	at java.util.stream.ReferencePipeline.forEachWithCancel(Unknown Source)
                        	at java.util.stream.AbstractPipeline.copyIntoWithCancel(Unknown Source)
                        	at java.util.stream.AbstractPipeline.copyInto(Unknown Source)
                        	at java.util.stream.AbstractPipeline.wrapAndCopyInto(Unknown Source)
                        	at java.util.stream.FindOps$FindOp.evaluateSequential(Unknown Source)
                        	at java.util.stream.AbstractPipeline.evaluate(Unknown Source)
                        	at java.util.stream.ReferencePipeline.findFirst(Unknown Source)
                        	at org.openqa.selenium.remote.ProtocolHandshake.createSession(ProtocolHandshake.java:126)
                        	at org.openqa.selenium.remote.ProtocolHandshake.createSession(ProtocolHandshake.java:73)
                        	at org.openqa.selenium.remote.HttpCommandExecutor.execute(HttpCommandExecutor.java:136)
                        	at org.openqa.selenium.remote.service.DriverCommandExecutor.execute(DriverCommandExecutor.java:83)
                        	at org.openqa.selenium.remote.RemoteWebDriver.execute(RemoteWebDriver.java:545)
                        	at org.openqa.selenium.remote.RemoteWebDriver.startSession(RemoteWebDriver.java:209)
                        	at org.openqa.selenium.remote.RemoteWebDriver.&lt;init&gt;(RemoteWebDriver.java:132)
                        	at org.openqa.selenium.chrome.ChromeDriver.&lt;init&gt;(ChromeDriver.java:181)
                        	at org.openqa.selenium.chrome.ChromeDriver.&lt;init&gt;(ChromeDriver.java:168)
                        	at org.openqa.selenium.chrome.ChromeDriver.&lt;init&gt;(ChromeDriver.java:123)
                        	at base.Configuration.browserInitialize(Configuration.java:23)
                        	at sun.reflect.NativeMethodAccessorImpl.invoke0(Native Method)
                        	at sun.reflect.NativeMethodAccessorImpl.invoke(Unknown Source)
                        	at sun.reflect.DelegatingMethodAccessorImpl.invoke(Unknown Source)
                        	at java.lang.reflect.Method.invoke(Unknown Source)
                        	at org.testng.internal.MethodInvocationHelper.invokeMethod(MethodInvocationHelper.java:86)
                        	at org.testng.internal.Invoker.invokeConfigurationMethod(Invoker.java:514)
                        	at org.testng.internal.Invoker.invokeConfigurations(Invoker.java:215)
                        	at org.testng.internal.Invoker.invokeMethod(Invoker.java:589)
                        	at org.testng.internal.Invoker.invokeTestMethod(Invoker.java:820)
                        	at org.testng.internal.Invoker.invokeTestMethods(Invoker.java:1128)
                        	at org.testng.internal.TestMethodWorker.invokeTestMethods(TestMethodWorker.java:129)
                        	at org.testng.internal.TestMethodWorker.run(TestMethodWorker.java:112)
                        	at org.testng.TestRunner.privateRun(TestRunner.java:782)
                        	at org.testng.TestRunner.run(TestRunner.java:632)
                        	at org.testng.SuiteRunner.runTest(SuiteRunner.java:366)
                        	at org.testng.SuiteRunner.access$000(SuiteRunner.java:39)
                        	at org.testng.SuiteRunner$SuiteWorker.run(SuiteRunner.java:400)
                        	at org.testng.internal.thread.ThreadUtil$2.call(ThreadUtil.java:64)
                        	at java.util.concurrent.FutureTask.run(Unknown Source)
                        	at java.util.concurrent.ThreadPoolExecutor.runWorker(Unknown Source)
                        	at java.util.concurrent.ThreadPoolExecutor$Worker.run(Unknown Source)
                        	at java.lang.Thread.run(Unknown Source)
                     </pre>
                  </div>
               </td>
            </tr>
            <tr id="testcase.Tc01_signup_byClass_SKIP2_row" class="testMethodStatusSKIP">
               <td width="100%" class="firstMethodCell">
                  <a onclick="toggleDetailsVisibility('testcase.Tc01_signup_byClass_SKIP2_details')">signup()</a>
               </td>
               <td nowrap="true">07:58:16</td>
               <td nowrap="true" align="right">0 ms
                  
               </td>
               <td nowrap="true">
                   
                  
               </td>
            </tr>
            <tr>
               <td colspan="4" class="detailsBox">
                  <div id="testcase.Tc01_signup_byClass_SKIP2_details" class="testMethodDetails">
                     <div>
                        <b>Name: </b>signup
                     </div>
                     <div>
                        <b>Signature: </b>signup()[pri:0, instance:testcase.Tc01@1cd072a9]
                     </div>
                     <div>
                        <b>Start time: </b>07:58:16
                     </div>
                     <div>
                        <b>End time: </b>07:58:16
                     </div>
                     <div>
                        <b>Duration: </b>0 ms
                        
                     </div>
                  </div>
               </td>
            </tr>
            <tr></tr>
            <tr id="testcase.Tc01_afterTest_byClass_SKIP3_row"
                class="testMethodStatusSKIP testMethodStatusCONF">
               <td width="100%" class="firstMethodCell">
                  <a onclick="toggleDetailsVisibility('testcase.Tc01_afterTest_byClass_SKIP3_details')">afterTest()</a>
               </td>
               <td nowrap="true">07:58:16</td>
               <td nowrap="true" align="right">0 ms
                  
               </td>
               <td nowrap="true">
                   
                  
               </td>
            </tr>
            <tr>
               <td colspan="4" class="detailsBox">
                  <div id="testcase.Tc01_afterTest_byClass_SKIP3_details" class="testMethodDetails">
                     <div>
                        <b>Name: </b>afterTest
                     </div>
                     <div>
                        <b>Signature: </b>afterTest()[pri:0, instance:testcase.Tc01@1cd072a9]
                     </div>
                     <div>
                        <b>Start time: </b>07:58:16
                     </div>
                     <div>
                        <b>End time: </b>07:58:16
                     </div>
                     <div>
                        <b>Duration: </b>0 ms
                        
                     </div>
                  </div>
               </td>
            </tr>
            <tr></tr>
         </table>
         <br></br>
      </div>
      <div style="margin-top: 15px; color: gray; text-align: center; font-size: 9px;">
         Generated with
         
         <a href="http://code.google.com/p/testng-xslt/" style="color: #8888aa;"
            target="_blank">
            TestNG XSLT
            
         </a>
      </div>
   </body>
</html>